<?xml version="1.0" encoding="UTF-8"?>
<!-- Generated by org.testng.reporters.JUnitReportReporter -->
<testsuite hostname="DESKTOP-O9GDD4D" name="com.Flipkart.Test.SearchAndAddToBagScript" tests="1" failures="0" timestamp="19 Mar 2019 06:22:09 GMT" time="39.849" errors="0">
  <testcase name="TC_01" time="39.849" classname="com.Flipkart.Test.SearchAndAddToBagScript"/>
</testsuite> <!-- com.Flipkart.Test.SearchAndAddToBagScript -->
