<?xml version="1.0" encoding="UTF-8"?>
<!-- Generated by org.testng.reporters.JUnitReportReporter -->
<testsuite hostname="DESKTOP-O9GDD4D" name="com.Flipkart.Test.SearchAndAddToBagScript" tests="1" failures="0" timestamp="25 Mar 2019 12:40:13 GMT" time="76.852" errors="0">
  <testcase name="TC_01" time="76.852" classname="com.Flipkart.Test.SearchAndAddToBagScript"/>
</testsuite> <!-- com.Flipkart.Test.SearchAndAddToBagScript -->
